<?xml version="1.0" encoding="utf-8"?><testsuites name="pytest tests"><testsuite name="pytest" errors="0" failures="0" skipped="0" tests="5" time="0.882" timestamp="2026-04-14T05:39:22.338753+00:00" hostname="agent-env-8b343991-09ba-458b-85eb-5d12d450738e"><testcase classname="backend.tests.test_vm_consultancy.TestAPI" name="test_root" time="0.211" /><testcase classname="backend.tests.test_vm_consultancy.TestAPI" name="test_post_contact" time="0.117" /><testcase classname="backend.tests.test_vm_consultancy.TestAPI" name="test_get_contacts" time="0.162" /><testcase classname="backend.tests.test_vm_consultancy.TestAPI" name="test_contact_missing_fields" time="0.097" /><testcase classname="backend.tests.test_vm_consultancy.TestAPI" name="test_contact_no_mongodb_id" time="0.160" /></testsuite></testsuites>